ERROR [AWT-EventQueue-0] 2023-08-21T12:05:00,293 DisplayComponentControllerAction - Error while creating displays
repast.simphony.visualization.engine.DisplayCreationException: Error while creating display.
	at repast.simphony.visualization.engine.DisplayCreatorOGL2D.createDisplay(DisplayCreatorOGL2D.java:102) ~[?:?]
	at repast.simphony.visualization.engine.DisplayProducer.createDisplay(DisplayProducer.java:48) ~[?:?]
	at repast.simphony.visualization.engine.DisplayComponentControllerAction.runInitialize(DisplayComponentControllerAction.java:116) ~[?:?]
	at repast.simphony.engine.controller.DefaultController$3.visit(DefaultController.java:244) ~[?:?]
	at repast.simphony.engine.controller.DefaultController$3.visit(DefaultController.java:1) ~[?:?]
	at repast.simphony.util.collections.NaryTree.preOrderTraverals(NaryTree.java:292) ~[?:?]
	at repast.simphony.util.collections.NaryTree.preOrderTraverals(NaryTree.java:295) ~[?:?]
	at repast.simphony.util.collections.NaryTree.preOrderTraverals(NaryTree.java:295) ~[?:?]
	at repast.simphony.util.collections.NaryTree.preOrderTraversal(NaryTree.java:288) ~[?:?]
	at repast.simphony.engine.controller.DefaultController.runInitialize(DefaultController.java:242) ~[?:?]
	at repast.simphony.engine.controller.DefaultController.runInitialize(DefaultController.java:386) ~[?:?]
	at repast.simphony.ui.RSApplication.initSim(RSApplication.java:171) ~[?:?]
	at repast.simphony.ui.RSApplication.start(RSApplication.java:203) ~[?:?]
	at repast.simphony.ui.action.StartRun.actionPerformed(StartRun.java:17) ~[?:?]
	at javax.swing.AbstractButton.fireActionPerformed(AbstractButton.java:1972) ~[?:?]
	at javax.swing.AbstractButton$Handler.actionPerformed(AbstractButton.java:2313) ~[?:?]
	at javax.swing.DefaultButtonModel.fireActionPerformed(DefaultButtonModel.java:405) ~[?:?]
	at javax.swing.DefaultButtonModel.setPressed(DefaultButtonModel.java:262) ~[?:?]
	at javax.swing.plaf.basic.BasicButtonListener.mouseReleased(BasicButtonListener.java:279) ~[?:?]
	at java.awt.AWTEventMulticaster.mouseReleased(AWTEventMulticaster.java:297) ~[?:?]
	at java.awt.Component.processMouseEvent(Component.java:6626) ~[?:?]
	at javax.swing.JComponent.processMouseEvent(JComponent.java:3389) ~[?:?]
	at java.awt.Component.processEvent(Component.java:6391) ~[?:?]
	at java.awt.Container.processEvent(Container.java:2266) ~[?:?]
	at java.awt.Component.dispatchEventImpl(Component.java:5001) ~[?:?]
	at java.awt.Container.dispatchEventImpl(Container.java:2324) ~[?:?]
	at java.awt.Component.dispatchEvent(Component.java:4833) ~[?:?]
	at java.awt.LightweightDispatcher.retargetMouseEvent(Container.java:4948) ~[?:?]
	at java.awt.LightweightDispatcher.processMouseEvent(Container.java:4575) ~[?:?]
	at java.awt.LightweightDispatcher.dispatchEvent(Container.java:4516) ~[?:?]
	at java.awt.Container.dispatchEventImpl(Container.java:2310) ~[?:?]
	at java.awt.Window.dispatchEventImpl(Window.java:2780) ~[?:?]
	at java.awt.Component.dispatchEvent(Component.java:4833) ~[?:?]
	at java.awt.EventQueue.dispatchEventImpl(EventQueue.java:773) ~[?:?]
	at java.awt.EventQueue$4.run(EventQueue.java:722) ~[?:?]
	at java.awt.EventQueue$4.run(EventQueue.java:716) ~[?:?]
	at java.security.AccessController.doPrivileged(AccessController.java:399) ~[?:?]
	at java.security.ProtectionDomain$JavaSecurityAccessImpl.doIntersectionPrivilege(ProtectionDomain.java:86) ~[?:?]
	at java.security.ProtectionDomain$JavaSecurityAccessImpl.doIntersectionPrivilege(ProtectionDomain.java:97) ~[?:?]
	at java.awt.EventQueue$5.run(EventQueue.java:746) ~[?:?]
	at java.awt.EventQueue$5.run(EventQueue.java:744) ~[?:?]
	at java.security.AccessController.doPrivileged(AccessController.java:399) ~[?:?]
	at java.security.ProtectionDomain$JavaSecurityAccessImpl.doIntersectionPrivilege(ProtectionDomain.java:86) ~[?:?]
	at java.awt.EventQueue.dispatchEvent(EventQueue.java:743) ~[?:?]
	at java.awt.EventDispatchThread.pumpOneEventForFilters(EventDispatchThread.java:203) ~[?:?]
	at java.awt.EventDispatchThread.pumpEventsForFilter(EventDispatchThread.java:124) ~[?:?]
	at java.awt.EventDispatchThread.pumpEventsForHierarchy(EventDispatchThread.java:113) ~[?:?]
	at java.awt.EventDispatchThread.pumpEvents(EventDispatchThread.java:109) ~[?:?]
	at java.awt.EventDispatchThread.pumpEvents(EventDispatchThread.java:101) ~[?:?]
	at java.awt.EventDispatchThread.run(EventDispatchThread.java:90) ~[?:?]
Caused by: java.lang.NullPointerException: Cannot invoke "repast.simphony.space.graph.Network.isDirected()" because "network" is null
	at repast.simphony.visualizationOGL2D.NetworkLayerOGL2D.<init>(NetworkLayerOGL2D.java:34) ~[?:?]
	at repast.simphony.visualizationOGL2D.DisplayOGL2D.registerNetworkStyle(DisplayOGL2D.java:492) ~[?:?]
	at repast.simphony.visualization.engine.DisplayCreatorOGL2D$3.register(DisplayCreatorOGL2D.java:89) ~[?:?]
	at repast.simphony.visualization.engine.DisplayCreatorOGL2D$3.register(DisplayCreatorOGL2D.java:1) ~[?:?]
	at repast.simphony.visualization.engine.NetworkStyleRegistrar.registerNetworkStyles(NetworkStyleRegistrar.java:48) ~[?:?]
	at repast.simphony.visualization.engine.DisplayCreatorOGL2D.createDisplay(DisplayCreatorOGL2D.java:87) ~[?:?]
	... 49 more
